<?xml version="1.0" encoding="utf-8"?><testsuites name="pytest tests"><testsuite name="pytest" errors="0" failures="0" skipped="0" tests="12" time="1.196" timestamp="2026-06-04T18:28:55.677374+00:00" hostname="agent-env-2416c828-db0e-44cf-adb5-c1111fabff75"><testcase classname="backend.tests.test_iteration4_cancel_reason.TestCancelWithReason" name="test_patch_cancelled_persists_reason" time="0.487" /><testcase classname="backend.tests.test_iteration4_cancel_reason.TestCancelledWithoutReason" name="test_patch_cancelled_no_reason" time="0.014" /><testcase classname="backend.tests.test_iteration4_cancel_reason.TestCancelReasonIgnoredWhenNonCancel" name="test_preparing_with_cancel_reason_does_not_crash" time="0.010" /><testcase classname="backend.tests.test_iteration4_cancel_reason.TestNormalLifecycle" name="test_received_to_delivered" time="0.016" /><testcase classname="backend.tests.test_iteration4_cancel_reason.TestRegression" name="test_auth_me_admin" time="0.003" /><testcase classname="backend.tests.test_iteration4_cancel_reason.TestRegression" name="test_settings_get" time="0.003" /><testcase classname="backend.tests.test_iteration4_cancel_reason.TestRegression" name="test_cep_lookup" time="0.323" /><testcase classname="backend.tests.test_iteration4_cancel_reason.TestRegression" name="test_products_at_least_38" time="0.004" /><testcase classname="backend.tests.test_iteration4_cancel_reason.TestRegression" name="test_promotions_at_least_3" time="0.002" /><testcase classname="backend.tests.test_iteration4_cancel_reason.TestRegression" name="test_delivery_quote" time="0.246" /><testcase classname="backend.tests.test_iteration4_cancel_reason.TestRegression" name="test_orders_mine_works" time="0.011" /><testcase classname="backend.tests.test_iteration4_cancel_reason.TestRegression" name="test_post_order_creates" time="0.007" /></testsuite></testsuites>